<?xml version="1.0" encoding="utf-8"?><testsuites name="pytest tests"><testsuite name="pytest" errors="0" failures="0" skipped="0" tests="0" time="0.549" timestamp="2025-06-08T12:27:35.634506+00:00" hostname="55c9488c5302" /></testsuites>